<?xml version="1.0" encoding="UTF-8"?>
<!-- Generated by org.testng.reporters.JUnitReportReporter -->
<testsuite hostname="DESKTOP-G7N76PA" failures="0" tests="1" name="com.hrm.qa.testcases.LoginPageTest" time="48.108" errors="0" timestamp="2022-11-11T12:05:47 IST" skipped="0">
  <testcase classname="com.hrm.qa.testcases.LoginPageTest" name="loginTest" time="48.108"/>
  <system-out/>
</testsuite> <!-- com.hrm.qa.testcases.LoginPageTest -->
