<?xml version="1.0" encoding="UTF-8"?>
<!-- Generated by org.testng.reporters.JUnitReportReporter -->
<testsuite hostname="DESKTOP-G7N76PA" failures="0" tests="1" name="com.hrm.qa.testcases.ApproveTimeTrackPageTest" time="29.125" errors="0" timestamp="2022-11-08T14:03:04 IST" skipped="0">
  <testcase classname="com.hrm.qa.testcases.ApproveTimeTrackPageTest" name="searchUserAndApproveTest" time="29.125"/>
  <system-out/>
</testsuite> <!-- com.hrm.qa.testcases.ApproveTimeTrackPageTest -->
